C:\USERS\NATHAN\DESKTOP\WSU_CLASSES\SPRING_2012\CPTS122\NON CLASS EXAMP\GUICLASSES\DEBUG\GUICLASSES.EXE
C:\USERS\NATHAN\DESKTOP\WSU_CLASSES\SPRING_2012\CPTS122\NON CLASS EXAMP\GUICLASSES\DEBUG\GUICLASSES.ILK
C:\USERS\NATHAN\DESKTOP\WSU_CLASSES\SPRING_2012\CPTS122\NON CLASS EXAMP\GUICLASSES\DEBUG\GUICLASSES.PDB
C:\USERS\NATHAN\DESKTOP\WSU_CLASSES\SPRING_2012\CPTS122\NON CLASS EXAMP\GUICLASSES\GUICLASSES\DEBUG\BAG.OBJ
C:\USERS\NATHAN\DESKTOP\WSU_CLASSES\SPRING_2012\CPTS122\NON CLASS EXAMP\GUICLASSES\GUICLASSES\DEBUG\BATTLE.OBJ
C:\USERS\NATHAN\DESKTOP\WSU_CLASSES\SPRING_2012\CPTS122\NON CLASS EXAMP\GUICLASSES\GUICLASSES\DEBUG\BSCRENN.OBJ
C:\Users\Nathan\Desktop\wsu_classes\spring_2012\cpts122\non class examp\guiclasses\guiclasses\Debug\cl.command.1.tlog
C:\Users\Nathan\Desktop\wsu_classes\spring_2012\cpts122\non class examp\guiclasses\guiclasses\Debug\CL.read.1.tlog
C:\Users\Nathan\Desktop\wsu_classes\spring_2012\cpts122\non class examp\guiclasses\guiclasses\Debug\CL.write.1.tlog
C:\USERS\NATHAN\DESKTOP\WSU_CLASSES\SPRING_2012\CPTS122\NON CLASS EXAMP\GUICLASSES\GUICLASSES\DEBUG\DOT.OBJ
C:\USERS\NATHAN\DESKTOP\WSU_CLASSES\SPRING_2012\CPTS122\NON CLASS EXAMP\GUICLASSES\GUICLASSES\DEBUG\GAME.OBJ
C:\USERS\NATHAN\DESKTOP\WSU_CLASSES\SPRING_2012\CPTS122\NON CLASS EXAMP\GUICLASSES\GUICLASSES\DEBUG\GENERATOR.OBJ
C:\USERS\NATHAN\DESKTOP\WSU_CLASSES\SPRING_2012\CPTS122\NON CLASS EXAMP\GUICLASSES\GUICLASSES\DEBUG\GUICLASSES.EXE.INTERMEDIATE.MANIFEST
C:\Users\Nathan\Desktop\wsu_classes\spring_2012\cpts122\non class examp\guiclasses\guiclasses\Debug\link.command.1.tlog
C:\Users\Nathan\Desktop\wsu_classes\spring_2012\cpts122\non class examp\guiclasses\guiclasses\Debug\link.read.1.tlog
C:\Users\Nathan\Desktop\wsu_classes\spring_2012\cpts122\non class examp\guiclasses\guiclasses\Debug\link.write.1.tlog
C:\USERS\NATHAN\DESKTOP\WSU_CLASSES\SPRING_2012\CPTS122\NON CLASS EXAMP\GUICLASSES\GUICLASSES\DEBUG\LVLCELL.OBJ
C:\USERS\NATHAN\DESKTOP\WSU_CLASSES\SPRING_2012\CPTS122\NON CLASS EXAMP\GUICLASSES\GUICLASSES\DEBUG\MAIN.OBJ
C:\USERS\NATHAN\DESKTOP\WSU_CLASSES\SPRING_2012\CPTS122\NON CLASS EXAMP\GUICLASSES\GUICLASSES\DEBUG\MOB.OBJ
C:\Users\Nathan\Desktop\wsu_classes\spring_2012\cpts122\non class examp\guiclasses\guiclasses\Debug\mt.command.1.tlog
C:\Users\Nathan\Desktop\wsu_classes\spring_2012\cpts122\non class examp\guiclasses\guiclasses\Debug\mt.read.1.tlog
C:\Users\Nathan\Desktop\wsu_classes\spring_2012\cpts122\non class examp\guiclasses\guiclasses\Debug\mt.write.1.tlog
C:\USERS\NATHAN\DESKTOP\WSU_CLASSES\SPRING_2012\CPTS122\NON CLASS EXAMP\GUICLASSES\GUICLASSES\DEBUG\NMOVE.OBJ
C:\USERS\NATHAN\DESKTOP\WSU_CLASSES\SPRING_2012\CPTS122\NON CLASS EXAMP\GUICLASSES\GUICLASSES\DEBUG\SCREEN.OBJ
C:\USERS\NATHAN\DESKTOP\WSU_CLASSES\SPRING_2012\CPTS122\NON CLASS EXAMP\GUICLASSES\GUICLASSES\DEBUG\SPRITE.OBJ
C:\USERS\NATHAN\DESKTOP\WSU_CLASSES\SPRING_2012\CPTS122\NON CLASS EXAMP\GUICLASSES\GUICLASSES\DEBUG\STATE.OBJ
C:\USERS\NATHAN\DESKTOP\WSU_CLASSES\SPRING_2012\CPTS122\NON CLASS EXAMP\GUICLASSES\GUICLASSES\DEBUG\TIMER.OBJ
C:\Users\Nathan\Desktop\wsu_classes\spring_2012\cpts122\non class examp\guiclasses\guiclasses\Debug\vc100.idb
C:\USERS\NATHAN\DESKTOP\WSU_CLASSES\SPRING_2012\CPTS122\NON CLASS EXAMP\GUICLASSES\GUICLASSES\DEBUG\VC100.PDB
