Build started 6/5/2012 10:26:17 PM.
     1>Project "C:\Users\Nathan\Desktop\wsu_classes\spring_2012\cpts122\non class examp\guiclasses\rpgDemo\guiclasses\guiclasses.vcxproj" on node 2 (build target(s)).
     1>InitializeBuildStatus:
         Creating "Debug\guiclasses.unsuccessfulbuild" because "AlwaysCreate" was specified.
       ClCompile:
         c:\Program Files (x86)\Microsoft Visual Studio 10.0\VC\bin\CL.exe /c /ZI /nologo /W3 /WX- /Od /Oy- /D _MBCS /Gm /EHsc /RTC1 /MD /GS /fp:precise /Zc:wchar_t /Zc:forScope /Fo"Debug\\" /Fd"Debug\vc100.pdb" /Gd /TP /analyze- /errorReport:prompt bag.cpp battle.cpp bScrenn.cpp dot.cpp generator.cpp lvlCell.cpp main.cpp Game.cpp mob.cpp nMove.cpp screen.cpp sprite.cpp sTate.cpp timer.cpp
         timer.cpp
         sTate.cpp
         sprite.cpp
         screen.cpp
         nMove.cpp
         mob.cpp
         Game.cpp
         main.cpp
         lvlCell.cpp
         generator.cpp
         dot.cpp
         bScrenn.cpp
         battle.cpp
         bag.cpp
         Generating Code...
       Link:
         c:\Program Files (x86)\Microsoft Visual Studio 10.0\VC\bin\link.exe /ERRORREPORT:PROMPT /OUT:"C:\Users\Nathan\Desktop\wsu_classes\spring_2012\cpts122\non class examp\guiclasses\rpgDemo\Debug\guiclasses.exe" /NOLOGO SDL.lib SDLmain.lib SDL_ttf.lib SDL_mixer.lib SDL_image.lib kernel32.lib user32.lib gdi32.lib winspool.lib comdlg32.lib advapi32.lib shell32.lib ole32.lib oleaut32.lib uuid.lib odbc32.lib odbccp32.lib /MANIFEST /ManifestFile:"Debug\guiclasses.exe.intermediate.manifest" /MANIFESTUAC:"level='asInvoker' uiAccess='false'" /DEBUG /PDB:"C:\Users\Nathan\Desktop\wsu_classes\spring_2012\cpts122\non class examp\guiclasses\rpgDemo\Debug\guiclasses.pdb" /SUBSYSTEM:WINDOWS /TLBID:1 /DYNAMICBASE /NXCOMPAT /IMPLIB:"C:\Users\Nathan\Desktop\wsu_classes\spring_2012\cpts122\non class examp\guiclasses\rpgDemo\Debug\guiclasses.lib" /MACHINE:X86 Debug\bag.obj
         Debug\battle.obj
         Debug\bScrenn.obj
         Debug\dot.obj
         Debug\generator.obj
         Debug\lvlCell.obj
         Debug\main.obj
         Debug\Game.obj
         Debug\mob.obj
         Debug\nMove.obj
         Debug\screen.obj
         Debug\sprite.obj
         Debug\sTate.obj
         Debug\timer.obj
         LINK : C:\Users\Nathan\Desktop\wsu_classes\spring_2012\cpts122\non class examp\guiclasses\rpgDemo\Debug\guiclasses.exe not found or not built by the last incremental link; performing full link
         guiclasses.vcxproj -> C:\Users\Nathan\Desktop\wsu_classes\spring_2012\cpts122\non class examp\guiclasses\rpgDemo\Debug\guiclasses.exe
       Manifest:
         C:\Program Files (x86)\Microsoft SDKs\Windows\v7.0A\bin\mt.exe /nologo /verbose /outputresource:"C:\Users\Nathan\Desktop\wsu_classes\spring_2012\cpts122\non class examp\guiclasses\rpgDemo\Debug\guiclasses.exe;#1" /manifest Debug\guiclasses.exe.intermediate.manifest
       FinalizeBuildStatus:
         Deleting file "Debug\guiclasses.unsuccessfulbuild".
         Touching "Debug\guiclasses.lastbuildstate".
     1>Done Building Project "C:\Users\Nathan\Desktop\wsu_classes\spring_2012\cpts122\non class examp\guiclasses\rpgDemo\guiclasses\guiclasses.vcxproj" (build target(s)).

Build succeeded.

Time Elapsed 00:00:11.93
