Build started 4/24/2012 9:58:07 PM.
     1>Project "C:\Users\Nathan\Desktop\wsu_classes\spring_2012\cpts122\non class examp\guiclasses\guiclasses\guiclasses.vcxproj" on node 2 (build target(s)).
     1>PrepareForBuild:
         Creating directory "C:\Users\Nathan\Desktop\wsu_classes\spring_2012\cpts122\non class examp\guiclasses\Release\".
       InitializeBuildStatus:
         Creating "Release\guiclasses.unsuccessfulbuild" because "AlwaysCreate" was specified.
       ClCompile:
         c:\Program Files (x86)\Microsoft Visual Studio 10.0\VC\bin\CL.exe /c /Zi /nologo /W3 /WX- /O2 /Oi /Oy- /GL /D _MBCS /Gm- /EHsc /MD /GS /Gy /fp:precise /Zc:wchar_t /Zc:forScope /Fo"Release\\" /Fd"Release\vc100.pdb" /Gd /TP /analyze- /errorReport:prompt bag.cpp dot.cpp generator.cpp lvlCell.cpp main.cpp Game.cpp screen.cpp sprite.cpp sTate.cpp timer.cpp
         bag.cpp
     1>c:\users\nathan\desktop\wsu_classes\spring_2012\cpts122\non class examp\guiclasses\guiclasses\source.h(7): fatal error C1083: Cannot open include file: 'SDL.h': No such file or directory
         dot.cpp
     1>c:\users\nathan\desktop\wsu_classes\spring_2012\cpts122\non class examp\guiclasses\guiclasses\source.h(7): fatal error C1083: Cannot open include file: 'SDL.h': No such file or directory
         generator.cpp
     1>c:\users\nathan\desktop\wsu_classes\spring_2012\cpts122\non class examp\guiclasses\guiclasses\source.h(7): fatal error C1083: Cannot open include file: 'SDL.h': No such file or directory
         lvlCell.cpp
     1>c:\users\nathan\desktop\wsu_classes\spring_2012\cpts122\non class examp\guiclasses\guiclasses\source.h(7): fatal error C1083: Cannot open include file: 'SDL.h': No such file or directory
         main.cpp
     1>c:\users\nathan\desktop\wsu_classes\spring_2012\cpts122\non class examp\guiclasses\guiclasses\source.h(7): fatal error C1083: Cannot open include file: 'SDL.h': No such file or directory
         Game.cpp
     1>c:\users\nathan\desktop\wsu_classes\spring_2012\cpts122\non class examp\guiclasses\guiclasses\source.h(7): fatal error C1083: Cannot open include file: 'SDL.h': No such file or directory
         screen.cpp
     1>c:\users\nathan\desktop\wsu_classes\spring_2012\cpts122\non class examp\guiclasses\guiclasses\source.h(7): fatal error C1083: Cannot open include file: 'SDL.h': No such file or directory
         sprite.cpp
     1>c:\users\nathan\desktop\wsu_classes\spring_2012\cpts122\non class examp\guiclasses\guiclasses\source.h(7): fatal error C1083: Cannot open include file: 'SDL.h': No such file or directory
         sTate.cpp
     1>c:\users\nathan\desktop\wsu_classes\spring_2012\cpts122\non class examp\guiclasses\guiclasses\source.h(7): fatal error C1083: Cannot open include file: 'SDL.h': No such file or directory
         timer.cpp
     1>c:\users\nathan\desktop\wsu_classes\spring_2012\cpts122\non class examp\guiclasses\guiclasses\source.h(7): fatal error C1083: Cannot open include file: 'SDL.h': No such file or directory
     1>Done Building Project "C:\Users\Nathan\Desktop\wsu_classes\spring_2012\cpts122\non class examp\guiclasses\guiclasses\guiclasses.vcxproj" (build target(s)) -- FAILED.

Build FAILED.

Time Elapsed 00:00:03.48
